00:57:43: Creating resource group General
00:57:43: Creating resource group OgreInternal
00:57:43: Creating resource group OgreAutodetect
00:57:43: Registering ResourceManager for type Mesh
00:57:43: Registering ResourceManager for type Material
00:57:43: Registering ResourceManager for type Skeleton
00:57:43: XMLMeshSerializer reading mesh data from /home/sirlarion/repos/spaceballs/assets/models/Cylinder.001.mesh.xml...
00:57:43: Reading geometry...
00:57:43: Geometry done...
00:57:43: Reading submeshes...
00:57:43: Submeshes done.
00:57:43: Reading mesh names...
00:57:43: Mesh names done.
00:57:43: XMLMeshSerializer import successful.
00:57:43: MeshSerializer writing mesh data to stream /home/sirlarion/repos/spaceballs/assets/models/Cylinder.001.mesh...
00:57:43: File header written.
00:57:43: Writing mesh data...
00:57:43: Writing submesh...
00:57:43: Exporting submesh texture aliases...
00:57:43: Submesh texture aliases exported.
00:57:43: Submesh exported.
00:57:43: Exporting bounds information....
00:57:43: Bounds information exported.
00:57:43: Exporting submesh name table...
00:57:43: Submesh name table exported.
00:57:43: Mesh data exported.
00:57:43: MeshSerializer export successful.
00:57:43: Unregistering ResourceManager for type Skeleton
00:57:43: Unregistering ResourceManager for type Material
00:57:43: Unregistering ResourceManager for type Mesh
